c:\users\aneli\source\repos\mi_multitouch_settings_mfc\data\mfc-ucl-mi3-settings\mfc-ucl-mi3-settings\x64\debug\mfc-ucl-mi3-settings.pch
c:\users\aneli\source\repos\mi_multitouch_settings_mfc\data\mfc-ucl-mi3-settings\mfc-ucl-mi3-settings\x64\debug\vc143.pdb
c:\users\aneli\source\repos\mi_multitouch_settings_mfc\data\mfc-ucl-mi3-settings\mfc-ucl-mi3-settings\x64\debug\vc143.idb
c:\users\aneli\source\repos\mi_multitouch_settings_mfc\data\mfc-ucl-mi3-settings\mfc-ucl-mi3-settings\x64\debug\pch.obj
c:\users\aneli\source\repos\mi_multitouch_settings_mfc\data\mfc-ucl-mi3-settings\mfc-ucl-mi3-settings\x64\debug\mfc-ucl-mi3-settingsdlg.obj
c:\users\aneli\source\repos\mi_multitouch_settings_mfc\data\mfc-ucl-mi3-settings\mfc-ucl-mi3-settings\x64\debug\mfc-ucl-mi3-settings.obj
c:\desktop\mi_pseudovr_settings_mfc\data\mfc-ucl-mi3-settings\mfc-ucl-mi3-settings\x64\debug\mfc-ucl-mi3-settings.pch
c:\desktop\mi_pseudovr_settings_mfc\data\mfc-ucl-mi3-settings\mfc-ucl-mi3-settings\x64\debug\vc143.pdb
c:\desktop\mi_pseudovr_settings_mfc\data\mfc-ucl-mi3-settings\mfc-ucl-mi3-settings\x64\debug\vc143.idb
c:\desktop\mi_pseudovr_settings_mfc\data\mfc-ucl-mi3-settings\mfc-ucl-mi3-settings\x64\debug\pch.obj
c:\desktop\mi_pseudovr_settings_mfc\data\mfc-ucl-mi3-settings\mfc-ucl-mi3-settings\x64\debug\mfc-ucl-mi3-settingsdlg.obj
c:\desktop\mi_pseudovr_settings_mfc\data\mfc-ucl-mi3-settings\mfc-ucl-mi3-settings\x64\debug\mfc-ucl-mi3-settings.obj
c:\users\josep\documents\github\mi_pseudovr_settings_mfc\data\mfc-ucl-mi3-settings\mfc-ucl-mi3-settings\x64\debug\mfc-ucl-mi3-settings.pch
c:\users\josep\documents\github\mi_pseudovr_settings_mfc\data\mfc-ucl-mi3-settings\mfc-ucl-mi3-settings\x64\debug\vc143.pdb
c:\users\josep\documents\github\mi_pseudovr_settings_mfc\data\mfc-ucl-mi3-settings\mfc-ucl-mi3-settings\x64\debug\vc143.idb
c:\users\josep\documents\github\mi_pseudovr_settings_mfc\data\mfc-ucl-mi3-settings\mfc-ucl-mi3-settings\x64\debug\pch.obj
c:\users\josep\documents\github\mi_pseudovr_settings_mfc\data\mfc-ucl-mi3-settings\mfc-ucl-mi3-settings\x64\debug\mfc-ucl-mi3-settingsdlg.obj
c:\users\josep\documents\github\mi_pseudovr_settings_mfc\data\mfc-ucl-mi3-settings\mfc-ucl-mi3-settings\x64\debug\mfc-ucl-mi3-settings.obj
c:\users\aneli\source\repos\mi_multitouch_settings_mfc\data\mfc-ucl-mi3-settings\x64\debug\mfc-ucl-mi3-settings.exe
c:\users\aneli\source\repos\mi_multitouch_settings_mfc\data\mfc-ucl-mi3-settings\mfc-ucl-mi3-settings\x64\debug\mfc-ucl-mi3-settings.ilk
c:\users\aneli\source\repos\mi_multitouch_settings_mfc\data\mfc-ucl-mi3-settings\x64\debug\mfc-ucl-mi3-settings.pdb
c:\desktop\mi_pseudovr_settings_mfc\data\mfc-ucl-mi3-settings\mfc-ucl-mi3-settings\x64\debug\mfc-ucl-mi3-settings.ilk
c:\desktop\mi_pseudovr_settings_mfc\data\mfc-ucl-mi3-settings\x64\debug\mfc-ucl-mi3-settings.exe
c:\desktop\mi_pseudovr_settings_mfc\data\mfc-ucl-mi3-settings\x64\debug\mfc-ucl-mi3-settings.pdb
c:\users\josep\documents\github\mi_pseudovr_settings_mfc\data\mfc-ucl-mi3-settings\mfc-ucl-mi3-settings\x64\debug\mfc-ucl-mi3-settings.ilk
c:\users\josep\documents\github\mi_pseudovr_settings_mfc\data\mfc-ucl-mi3-settings\x64\debug\mfc-ucl-mi3-settings.exe
c:\users\josep\documents\github\mi_pseudovr_settings_mfc\data\mfc-ucl-mi3-settings\x64\debug\mfc-ucl-mi3-settings.pdb
c:\users\aneli\source\repos\mi_multitouch_settings_mfc\data\mfc-ucl-mi3-settings\mfc-ucl-mi3-settings\x64\debug\mfcuclmi3settings.res
c:\desktop\mi_pseudovr_settings_mfc\data\mfc-ucl-mi3-settings\mfc-ucl-mi3-settings\x64\debug\mfcuclmi3settings.res
c:\users\josep\documents\github\mi_pseudovr_settings_mfc\data\mfc-ucl-mi3-settings\mfc-ucl-mi3-settings\x64\debug\mfcuclmi3settings.res
c:\users\josep\documents\github\mi_pseudovr_settings_mfc\data\mfc-ucl-mi3-settings\mfc-ucl-mi3-settings\x64\debug\mfc-ucl-.71cc8fe8.tlog\cl.command.1.tlog
c:\users\josep\documents\github\mi_pseudovr_settings_mfc\data\mfc-ucl-mi3-settings\mfc-ucl-mi3-settings\x64\debug\mfc-ucl-.71cc8fe8.tlog\cl.read.1.tlog
c:\users\josep\documents\github\mi_pseudovr_settings_mfc\data\mfc-ucl-mi3-settings\mfc-ucl-mi3-settings\x64\debug\mfc-ucl-.71cc8fe8.tlog\cl.write.1.tlog
c:\users\josep\documents\github\mi_pseudovr_settings_mfc\data\mfc-ucl-mi3-settings\mfc-ucl-mi3-settings\x64\debug\mfc-ucl-.71cc8fe8.tlog\link.command.1.tlog
c:\users\josep\documents\github\mi_pseudovr_settings_mfc\data\mfc-ucl-mi3-settings\mfc-ucl-mi3-settings\x64\debug\mfc-ucl-.71cc8fe8.tlog\link.read.1.tlog
c:\users\josep\documents\github\mi_pseudovr_settings_mfc\data\mfc-ucl-mi3-settings\mfc-ucl-mi3-settings\x64\debug\mfc-ucl-.71cc8fe8.tlog\link.write.1.tlog
c:\users\josep\documents\github\mi_pseudovr_settings_mfc\data\mfc-ucl-mi3-settings\mfc-ucl-mi3-settings\x64\debug\mfc-ucl-.71cc8fe8.tlog\rc.command.1.tlog
c:\users\josep\documents\github\mi_pseudovr_settings_mfc\data\mfc-ucl-mi3-settings\mfc-ucl-mi3-settings\x64\debug\mfc-ucl-.71cc8fe8.tlog\rc.read.1.tlog
c:\users\josep\documents\github\mi_pseudovr_settings_mfc\data\mfc-ucl-mi3-settings\mfc-ucl-mi3-settings\x64\debug\mfc-ucl-.71cc8fe8.tlog\rc.write.1.tlog
